15:45:36.107 [main] ERROR LogsApp - nombre de test loginPageTest falla: java.lang.AssertionError: expected [true] but found [false]
15:48:36.070 [main] ERROR LogsApp - nombre de test loginPageTest falla: java.lang.AssertionError: expected [true] but found [false]
